<?xml version="1.0" encoding="UTF-8"?>
<testsuites>
  <testsuite name="" tests="98" assertions="174" errors="0" warnings="0" failures="0" skipped="0" time="1.875254">
    <testsuite name="Unit" tests="82" assertions="153" errors="0" warnings="0" failures="0" skipped="0" time="0.529316">
      <testsuite name="Perfbase\WordPress\Tests\Unit\Plugin\ConfigManagerTest" file="/Users/ben/Projects/Perfbase/Projects/lib-wordpress/tests/Unit/Plugin/ConfigManagerTest.php" tests="19" assertions="64" errors="0" warnings="0" failures="0" skipped="0" time="0.182895">
        <testcase name="testGetDefaultConfig" class="Perfbase\WordPress\Tests\Unit\Plugin\ConfigManagerTest" classname="Perfbase.WordPress.Tests.Unit.Plugin.ConfigManagerTest" file="/Users/ben/Projects/Perfbase/Projects/lib-wordpress/tests/Unit/Plugin/ConfigManagerTest.php" line="24" assertions="27" time="0.122104"/>
        <testcase name="testGetConfigWithSavedSettings" class="Perfbase\WordPress\Tests\Unit\Plugin\ConfigManagerTest" classname="Perfbase.WordPress.Tests.Unit.Plugin.ConfigManagerTest" file="/Users/ben/Projects/Perfbase/Projects/lib-wordpress/tests/Unit/Plugin/ConfigManagerTest.php" line="70" assertions="4" time="0.003029"/>
        <testcase name="testUpdateConfigFailure" class="Perfbase\WordPress\Tests\Unit\Plugin\ConfigManagerTest" classname="Perfbase.WordPress.Tests.Unit.Plugin.ConfigManagerTest" file="/Users/ben/Projects/Perfbase/Projects/lib-wordpress/tests/Unit/Plugin/ConfigManagerTest.php" line="102" assertions="1" time="0.006655"/>
        <testcase name="testIsEnabledWithValidConfig" class="Perfbase\WordPress\Tests\Unit\Plugin\ConfigManagerTest" classname="Perfbase.WordPress.Tests.Unit.Plugin.ConfigManagerTest" file="/Users/ben/Projects/Perfbase/Projects/lib-wordpress/tests/Unit/Plugin/ConfigManagerTest.php" line="114" assertions="1" time="0.002857"/>
        <testcase name="testIsEnabledWithDisabledConfig" class="Perfbase\WordPress\Tests\Unit\Plugin\ConfigManagerTest" classname="Perfbase.WordPress.Tests.Unit.Plugin.ConfigManagerTest" file="/Users/ben/Projects/Perfbase/Projects/lib-wordpress/tests/Unit/Plugin/ConfigManagerTest.php" line="123" assertions="1" time="0.002717"/>
        <testcase name="testIsEnabledWithMissingApiKey" class="Perfbase\WordPress\Tests\Unit\Plugin\ConfigManagerTest" classname="Perfbase.WordPress.Tests.Unit.Plugin.ConfigManagerTest" file="/Users/ben/Projects/Perfbase/Projects/lib-wordpress/tests/Unit/Plugin/ConfigManagerTest.php" line="133" assertions="1" time="0.002698"/>
        <testcase name="testValidateConfigValid" class="Perfbase\WordPress\Tests\Unit\Plugin\ConfigManagerTest" classname="Perfbase.WordPress.Tests.Unit.Plugin.ConfigManagerTest" file="/Users/ben/Projects/Perfbase/Projects/lib-wordpress/tests/Unit/Plugin/ConfigManagerTest.php" line="143" assertions="1" time="0.004000"/>
        <testcase name="testValidateConfigMissingApiKey" class="Perfbase\WordPress\Tests\Unit\Plugin\ConfigManagerTest" classname="Perfbase.WordPress.Tests.Unit.Plugin.ConfigManagerTest" file="/Users/ben/Projects/Perfbase/Projects/lib-wordpress/tests/Unit/Plugin/ConfigManagerTest.php" line="152" assertions="2" time="0.002907"/>
        <testcase name="testValidateConfigInvalidApiUrl" class="Perfbase\WordPress\Tests\Unit\Plugin\ConfigManagerTest" classname="Perfbase.WordPress.Tests.Unit.Plugin.ConfigManagerTest" file="/Users/ben/Projects/Perfbase/Projects/lib-wordpress/tests/Unit/Plugin/ConfigManagerTest.php" line="163" assertions="2" time="0.002784"/>
        <testcase name="testValidateConfigInvalidSampleRateNegative" class="Perfbase\WordPress\Tests\Unit\Plugin\ConfigManagerTest" classname="Perfbase.WordPress.Tests.Unit.Plugin.ConfigManagerTest" file="/Users/ben/Projects/Perfbase/Projects/lib-wordpress/tests/Unit/Plugin/ConfigManagerTest.php" line="174" assertions="2" time="0.003033"/>
        <testcase name="testValidateConfigInvalidSampleRateTooHigh" class="Perfbase\WordPress\Tests\Unit\Plugin\ConfigManagerTest" classname="Perfbase.WordPress.Tests.Unit.Plugin.ConfigManagerTest" file="/Users/ben/Projects/Perfbase/Projects/lib-wordpress/tests/Unit/Plugin/ConfigManagerTest.php" line="185" assertions="2" time="0.002670"/>
        <testcase name="testValidateConfigInvalidTimeout" class="Perfbase\WordPress\Tests\Unit\Plugin\ConfigManagerTest" classname="Perfbase.WordPress.Tests.Unit.Plugin.ConfigManagerTest" file="/Users/ben/Projects/Perfbase/Projects/lib-wordpress/tests/Unit/Plugin/ConfigManagerTest.php" line="196" assertions="2" time="0.002710"/>
        <testcase name="testValidateConfigInvalidFlags" class="Perfbase\WordPress\Tests\Unit\Plugin\ConfigManagerTest" classname="Perfbase.WordPress.Tests.Unit.Plugin.ConfigManagerTest" file="/Users/ben/Projects/Perfbase/Projects/lib-wordpress/tests/Unit/Plugin/ConfigManagerTest.php" line="207" assertions="2" time="0.002686"/>
        <testcase name="testValidateConfigInvalidFlagsTooHigh" class="Perfbase\WordPress\Tests\Unit\Plugin\ConfigManagerTest" classname="Perfbase.WordPress.Tests.Unit.Plugin.ConfigManagerTest" file="/Users/ben/Projects/Perfbase/Projects/lib-wordpress/tests/Unit/Plugin/ConfigManagerTest.php" line="218" assertions="2" time="0.002680"/>
        <testcase name="testValidateConfigWithValidSampleRateBoundaries" class="Perfbase\WordPress\Tests\Unit\Plugin\ConfigManagerTest" classname="Perfbase.WordPress.Tests.Unit.Plugin.ConfigManagerTest" file="/Users/ben/Projects/Perfbase/Projects/lib-wordpress/tests/Unit/Plugin/ConfigManagerTest.php" line="250" assertions="2" time="0.006596"/>
        <testcase name="testValidateConfigMultipleErrors" class="Perfbase\WordPress\Tests\Unit\Plugin\ConfigManagerTest" classname="Perfbase.WordPress.Tests.Unit.Plugin.ConfigManagerTest" file="/Users/ben/Projects/Perfbase/Projects/lib-wordpress/tests/Unit/Plugin/ConfigManagerTest.php" line="229" assertions="6" time="0.004429"/>
        <testcase name="testUpdateConfig" class="Perfbase\WordPress\Tests\Unit\Plugin\ConfigManagerTest" classname="Perfbase.WordPress.Tests.Unit.Plugin.ConfigManagerTest" file="/Users/ben/Projects/Perfbase/Projects/lib-wordpress/tests/Unit/Plugin/ConfigManagerTest.php" line="90" assertions="1" time="0.002824"/>
        <testcase name="testValidateConfigWithValidFlagsBoundaries" class="Perfbase\WordPress\Tests\Unit\Plugin\ConfigManagerTest" classname="Perfbase.WordPress.Tests.Unit.Plugin.ConfigManagerTest" file="/Users/ben/Projects/Perfbase/Projects/lib-wordpress/tests/Unit/Plugin/ConfigManagerTest.php" line="265" assertions="2" time="0.002728"/>
        <testcase name="testGetConfigWithDefaults" class="Perfbase\WordPress\Tests\Unit\Plugin\ConfigManagerTest" classname="Perfbase.WordPress.Tests.Unit.Plugin.ConfigManagerTest" file="/Users/ben/Projects/Perfbase/Projects/lib-wordpress/tests/Unit/Plugin/ConfigManagerTest.php" line="59" assertions="3" time="0.002786"/>
      </testsuite>
      <testsuite name="Perfbase\WordPress\Tests\Unit\Plugin\PerfbasePluginTest" file="/Users/ben/Projects/Perfbase/Projects/lib-wordpress/tests/Unit/Plugin/PerfbasePluginTest.php" tests="20" assertions="20" errors="0" warnings="0" failures="0" skipped="0" time="0.205696">
        <testcase name="testConstructorWithDefaultDependencies" class="Perfbase\WordPress\Tests\Unit\Plugin\PerfbasePluginTest" classname="Perfbase.WordPress.Tests.Unit.Plugin.PerfbasePluginTest" file="/Users/ben/Projects/Perfbase/Projects/lib-wordpress/tests/Unit/Plugin/PerfbasePluginTest.php" line="46" assertions="1" time="0.049676"/>
        <testcase name="testInitWithDisabledProfiling" class="Perfbase\WordPress\Tests\Unit\Plugin\PerfbasePluginTest" classname="Perfbase.WordPress.Tests.Unit.Plugin.PerfbasePluginTest" file="/Users/ben/Projects/Perfbase/Projects/lib-wordpress/tests/Unit/Plugin/PerfbasePluginTest.php" line="63" assertions="1" time="0.005957"/>
        <testcase name="testGetConfig" class="Perfbase\WordPress\Tests\Unit\Plugin\PerfbasePluginTest" classname="Perfbase.WordPress.Tests.Unit.Plugin.PerfbasePluginTest" file="/Users/ben/Projects/Perfbase/Projects/lib-wordpress/tests/Unit/Plugin/PerfbasePluginTest.php" line="108" assertions="1" time="0.002978"/>
        <testcase name="testStartRequestProfilingWhenShouldNotProfile" class="Perfbase\WordPress\Tests\Unit\Plugin\PerfbasePluginTest" classname="Perfbase.WordPress.Tests.Unit.Plugin.PerfbasePluginTest" file="/Users/ben/Projects/Perfbase/Projects/lib-wordpress/tests/Unit/Plugin/PerfbasePluginTest.php" line="156" assertions="1" time="0.078935"/>
        <testcase name="testWpLoadedProfilingWithoutActiveSpans" class="Perfbase\WordPress\Tests\Unit\Plugin\PerfbasePluginTest" classname="Perfbase.WordPress.Tests.Unit.Plugin.PerfbasePluginTest" file="/Users/ben/Projects/Perfbase/Projects/lib-wordpress/tests/Unit/Plugin/PerfbasePluginTest.php" line="301" assertions="1" time="0.017790"/>
        <testcase name="testTemplateRedirectProfiling" class="Perfbase\WordPress\Tests\Unit\Plugin\PerfbasePluginTest" classname="Perfbase.WordPress.Tests.Unit.Plugin.PerfbasePluginTest" file="/Users/ben/Projects/Perfbase/Projects/lib-wordpress/tests/Unit/Plugin/PerfbasePluginTest.php" line="317" assertions="1" time="0.004201"/>
        <testcase name="testFinishRequestProfilingSuccess" class="Perfbase\WordPress\Tests\Unit\Plugin\PerfbasePluginTest" classname="Perfbase.WordPress.Tests.Unit.Plugin.PerfbasePluginTest" file="/Users/ben/Projects/Perfbase/Projects/lib-wordpress/tests/Unit/Plugin/PerfbasePluginTest.php" line="346" assertions="1" time="0.003374"/>
        <testcase name="testFinishRequestProfilingWithoutSampling" class="Perfbase\WordPress\Tests\Unit\Plugin\PerfbasePluginTest" classname="Perfbase.WordPress.Tests.Unit.Plugin.PerfbasePluginTest" file="/Users/ben/Projects/Perfbase/Projects/lib-wordpress/tests/Unit/Plugin/PerfbasePluginTest.php" line="395" assertions="1" time="0.003220"/>
        <testcase name="testFinishRequestProfilingWithoutActiveSpans" class="Perfbase\WordPress\Tests\Unit\Plugin\PerfbasePluginTest" classname="Perfbase.WordPress.Tests.Unit.Plugin.PerfbasePluginTest" file="/Users/ben/Projects/Perfbase/Projects/lib-wordpress/tests/Unit/Plugin/PerfbasePluginTest.php" line="430" assertions="1" time="0.003026"/>
        <testcase name="testStartAjaxProfiling" class="Perfbase\WordPress\Tests\Unit\Plugin\PerfbasePluginTest" classname="Perfbase.WordPress.Tests.Unit.Plugin.PerfbasePluginTest" file="/Users/ben/Projects/Perfbase/Projects/lib-wordpress/tests/Unit/Plugin/PerfbasePluginTest.php" line="446" assertions="1" time="0.004453"/>
        <testcase name="testGetPerfbaseReturnsNull" class="Perfbase\WordPress\Tests\Unit\Plugin\PerfbasePluginTest" classname="Perfbase.WordPress.Tests.Unit.Plugin.PerfbasePluginTest" file="/Users/ben/Projects/Perfbase/Projects/lib-wordpress/tests/Unit/Plugin/PerfbasePluginTest.php" line="498" assertions="1" time="0.003155"/>
        <testcase name="testVersionConstant" class="Perfbase\WordPress\Tests\Unit\Plugin\PerfbasePluginTest" classname="Perfbase.WordPress.Tests.Unit.Plugin.PerfbasePluginTest" file="/Users/ben/Projects/Perfbase/Projects/lib-wordpress/tests/Unit/Plugin/PerfbasePluginTest.php" line="504" assertions="1" time="0.002783"/>
        <testcase name="testUpdateConfig" class="Perfbase\WordPress\Tests\Unit\Plugin\PerfbasePluginTest" classname="Perfbase.WordPress.Tests.Unit.Plugin.PerfbasePluginTest" file="/Users/ben/Projects/Perfbase/Projects/lib-wordpress/tests/Unit/Plugin/PerfbasePluginTest.php" line="128" assertions="1" time="0.002903"/>
        <testcase name="testStartRequestProfilingSuccess" class="Perfbase\WordPress\Tests\Unit\Plugin\PerfbasePluginTest" classname="Perfbase.WordPress.Tests.Unit.Plugin.PerfbasePluginTest" file="/Users/ben/Projects/Perfbase/Projects/lib-wordpress/tests/Unit/Plugin/PerfbasePluginTest.php" line="185" assertions="1" time="0.003544"/>
        <testcase name="testStartCronProfiling" class="Perfbase\WordPress\Tests\Unit\Plugin\PerfbasePluginTest" classname="Perfbase.WordPress.Tests.Unit.Plugin.PerfbasePluginTest" file="/Users/ben/Projects/Perfbase/Projects/lib-wordpress/tests/Unit/Plugin/PerfbasePluginTest.php" line="469" assertions="1" time="0.002998"/>
        <testcase name="testGetPerfbaseReturnsInstance" class="Perfbase\WordPress\Tests\Unit\Plugin\PerfbasePluginTest" classname="Perfbase.WordPress.Tests.Unit.Plugin.PerfbasePluginTest" file="/Users/ben/Projects/Perfbase/Projects/lib-wordpress/tests/Unit/Plugin/PerfbasePluginTest.php" line="489" assertions="1" time="0.004455"/>
        <testcase name="testWpLoadedProfiling" class="Perfbase\WordPress\Tests\Unit\Plugin\PerfbasePluginTest" classname="Perfbase.WordPress.Tests.Unit.Plugin.PerfbasePluginTest" file="/Users/ben/Projects/Perfbase/Projects/lib-wordpress/tests/Unit/Plugin/PerfbasePluginTest.php" line="285" assertions="1" time="0.002988"/>
        <testcase name="testStartRequestProfilingWithException" class="Perfbase\WordPress\Tests\Unit\Plugin\PerfbasePluginTest" classname="Perfbase.WordPress.Tests.Unit.Plugin.PerfbasePluginTest" file="/Users/ben/Projects/Perfbase/Projects/lib-wordpress/tests/Unit/Plugin/PerfbasePluginTest.php" line="237" assertions="1" time="0.003317"/>
        <testcase name="testConstructorWithInjectedDependencies" class="Perfbase\WordPress\Tests\Unit\Plugin\PerfbasePluginTest" classname="Perfbase.WordPress.Tests.Unit.Plugin.PerfbasePluginTest" file="/Users/ben/Projects/Perfbase/Projects/lib-wordpress/tests/Unit/Plugin/PerfbasePluginTest.php" line="52" assertions="1" time="0.002814"/>
        <testcase name="testInitWithEnabledProfiling" class="Perfbase\WordPress\Tests\Unit\Plugin\PerfbasePluginTest" classname="Perfbase.WordPress.Tests.Unit.Plugin.PerfbasePluginTest" file="/Users/ben/Projects/Perfbase/Projects/lib-wordpress/tests/Unit/Plugin/PerfbasePluginTest.php" line="85" assertions="1" time="0.003131"/>
      </testsuite>
      <testsuite name="Perfbase\WordPress\Tests\Unit\Plugin\RequestContextTest" file="/Users/ben/Projects/Perfbase/Projects/lib-wordpress/tests/Unit/Plugin/RequestContextTest.php" tests="21" assertions="40" errors="0" warnings="0" failures="0" skipped="0" time="0.068647">
        <testcase name="testGetSpanNameForFrontend" class="Perfbase\WordPress\Tests\Unit\Plugin\RequestContextTest" classname="Perfbase.WordPress.Tests.Unit.Plugin.RequestContextTest" file="/Users/ben/Projects/Perfbase/Projects/lib-wordpress/tests/Unit/Plugin/RequestContextTest.php" line="40" assertions="1" time="0.002929"/>
        <testcase name="testGetSpanNameForAdmin" class="Perfbase\WordPress\Tests\Unit\Plugin\RequestContextTest" classname="Perfbase.WordPress.Tests.Unit.Plugin.RequestContextTest" file="/Users/ben/Projects/Perfbase/Projects/lib-wordpress/tests/Unit/Plugin/RequestContextTest.php" line="54" assertions="1" time="0.002786"/>
        <testcase name="testGetSpanNameForAjax" class="Perfbase\WordPress\Tests\Unit\Plugin\RequestContextTest" classname="Perfbase.WordPress.Tests.Unit.Plugin.RequestContextTest" file="/Users/ben/Projects/Perfbase/Projects/lib-wordpress/tests/Unit/Plugin/RequestContextTest.php" line="65" assertions="1" time="0.002821"/>
        <testcase name="testGetSpanNameForCron" class="Perfbase\WordPress\Tests\Unit\Plugin\RequestContextTest" classname="Perfbase.WordPress.Tests.Unit.Plugin.RequestContextTest" file="/Users/ben/Projects/Perfbase/Projects/lib-wordpress/tests/Unit/Plugin/RequestContextTest.php" line="77" assertions="1" time="0.002871"/>
        <testcase name="testGetSpanNameForCli" class="Perfbase\WordPress\Tests\Unit\Plugin\RequestContextTest" classname="Perfbase.WordPress.Tests.Unit.Plugin.RequestContextTest" file="/Users/ben/Projects/Perfbase/Projects/lib-wordpress/tests/Unit/Plugin/RequestContextTest.php" line="90" assertions="1" time="0.002903"/>
        <testcase name="testGetRequestAttributes" class="Perfbase\WordPress\Tests\Unit\Plugin\RequestContextTest" classname="Perfbase.WordPress.Tests.Unit.Plugin.RequestContextTest" file="/Users/ben/Projects/Perfbase/Projects/lib-wordpress/tests/Unit/Plugin/RequestContextTest.php" line="104" assertions="6" time="0.002905"/>
        <testcase name="testGetRequestAttributesWithPostId" class="Perfbase\WordPress\Tests\Unit\Plugin\RequestContextTest" classname="Perfbase.WordPress.Tests.Unit.Plugin.RequestContextTest" file="/Users/ben/Projects/Perfbase/Projects/lib-wordpress/tests/Unit/Plugin/RequestContextTest.php" line="126" assertions="1" time="0.002860"/>
        <testcase name="testGetRequestAttributesWithPageId" class="Perfbase\WordPress\Tests\Unit\Plugin\RequestContextTest" classname="Perfbase.WordPress.Tests.Unit.Plugin.RequestContextTest" file="/Users/ben/Projects/Perfbase/Projects/lib-wordpress/tests/Unit/Plugin/RequestContextTest.php" line="143" assertions="1" time="0.002784"/>
        <testcase name="testGetWordPressContextWithLoggedInUser" class="Perfbase\WordPress\Tests\Unit\Plugin\RequestContextTest" classname="Perfbase.WordPress.Tests.Unit.Plugin.RequestContextTest" file="/Users/ben/Projects/Perfbase/Projects/lib-wordpress/tests/Unit/Plugin/RequestContextTest.php" line="160" assertions="6" time="0.003132"/>
        <testcase name="testGetWordPressContextWithSinglePost" class="Perfbase\WordPress\Tests\Unit\Plugin\RequestContextTest" classname="Perfbase.WordPress.Tests.Unit.Plugin.RequestContextTest" file="/Users/ben/Projects/Perfbase/Projects/lib-wordpress/tests/Unit/Plugin/RequestContextTest.php" line="192" assertions="3" time="0.002913"/>
        <testcase name="testGetWordPressContextWithTerm" class="Perfbase\WordPress\Tests\Unit\Plugin\RequestContextTest" classname="Perfbase.WordPress.Tests.Unit.Plugin.RequestContextTest" file="/Users/ben/Projects/Perfbase/Projects/lib-wordpress/tests/Unit/Plugin/RequestContextTest.php" line="211" assertions="3" time="0.002953"/>
        <testcase name="testGetFinalAttributes" class="Perfbase\WordPress\Tests\Unit\Plugin\RequestContextTest" classname="Perfbase.WordPress.Tests.Unit.Plugin.RequestContextTest" file="/Users/ben/Projects/Perfbase/Projects/lib-wordpress/tests/Unit/Plugin/RequestContextTest.php" line="253" assertions="4" time="0.002840"/>
        <testcase name="testGetCurrentUrlHttp" class="Perfbase\WordPress\Tests\Unit\Plugin\RequestContextTest" classname="Perfbase.WordPress.Tests.Unit.Plugin.RequestContextTest" file="/Users/ben/Projects/Perfbase/Projects/lib-wordpress/tests/Unit/Plugin/RequestContextTest.php" line="268" assertions="1" time="0.002712"/>
        <testcase name="testGetCurrentUrlHttps" class="Perfbase\WordPress\Tests\Unit\Plugin\RequestContextTest" classname="Perfbase.WordPress.Tests.Unit.Plugin.RequestContextTest" file="/Users/ben/Projects/Perfbase/Projects/lib-wordpress/tests/Unit/Plugin/RequestContextTest.php" line="280" assertions="1" time="0.002714"/>
        <testcase name="testShouldProfileRequestAdmin" class="Perfbase\WordPress\Tests\Unit\Plugin\RequestContextTest" classname="Perfbase.WordPress.Tests.Unit.Plugin.RequestContextTest" file="/Users/ben/Projects/Perfbase/Projects/lib-wordpress/tests/Unit/Plugin/RequestContextTest.php" line="292" assertions="1" time="0.002751"/>
        <testcase name="testShouldProfileRequestCli" class="Perfbase\WordPress\Tests\Unit\Plugin\RequestContextTest" classname="Perfbase.WordPress.Tests.Unit.Plugin.RequestContextTest" file="/Users/ben/Projects/Perfbase/Projects/lib-wordpress/tests/Unit/Plugin/RequestContextTest.php" line="324" assertions="1" time="0.002716"/>
        <testcase name="testShouldProfileRequestExcludedPath" class="Perfbase\WordPress\Tests\Unit\Plugin\RequestContextTest" classname="Perfbase.WordPress.Tests.Unit.Plugin.RequestContextTest" file="/Users/ben/Projects/Perfbase/Projects/lib-wordpress/tests/Unit/Plugin/RequestContextTest.php" line="340" assertions="1" time="0.002732"/>
        <testcase name="testShouldProfileRequestExcludedUserAgent" class="Perfbase\WordPress\Tests\Unit\Plugin\RequestContextTest" classname="Perfbase.WordPress.Tests.Unit.Plugin.RequestContextTest" file="/Users/ben/Projects/Perfbase/Projects/lib-wordpress/tests/Unit/Plugin/RequestContextTest.php" line="353" assertions="1" time="0.002743"/>
        <testcase name="testGetTemplateContext" class="Perfbase\WordPress\Tests\Unit\Plugin\RequestContextTest" classname="Perfbase.WordPress.Tests.Unit.Plugin.RequestContextTest" file="/Users/ben/Projects/Perfbase/Projects/lib-wordpress/tests/Unit/Plugin/RequestContextTest.php" line="233" assertions="3" time="0.012103"/>
        <testcase name="testShouldProfileRequestBasicLogic" class="Perfbase\WordPress\Tests\Unit\Plugin\RequestContextTest" classname="Perfbase.WordPress.Tests.Unit.Plugin.RequestContextTest" file="/Users/ben/Projects/Perfbase/Projects/lib-wordpress/tests/Unit/Plugin/RequestContextTest.php" line="304" assertions="1" time="0.002755"/>
        <testcase name="testShouldProfileRequestSimpleExclusion" class="Perfbase\WordPress\Tests\Unit\Plugin\RequestContextTest" classname="Perfbase.WordPress.Tests.Unit.Plugin.RequestContextTest" file="/Users/ben/Projects/Perfbase/Projects/lib-wordpress/tests/Unit/Plugin/RequestContextTest.php" line="366" assertions="1" time="0.002724"/>
      </testsuite>
      <testsuite name="Perfbase\WordPress\Tests\Unit\Plugin\SamplingStrategyTest" file="/Users/ben/Projects/Perfbase/Projects/lib-wordpress/tests/Unit/Plugin/SamplingStrategyTest.php" tests="22" assertions="29" errors="0" warnings="0" failures="0" skipped="0" time="0.072078">
        <testsuite name="Perfbase\WordPress\Tests\Unit\Plugin\SamplingStrategyTest::testSamplingRateBoundaries" tests="6" assertions="6" errors="0" warnings="0" failures="0" skipped="0" time="0.016369">
          <testcase name="testSamplingRateBoundaries with data set &quot;zero rate&quot;" class="Perfbase\WordPress\Tests\Unit\Plugin\SamplingStrategyTest" classname="Perfbase.WordPress.Tests.Unit.Plugin.SamplingStrategyTest" file="/Users/ben/Projects/Perfbase/Projects/lib-wordpress/tests/Unit/Plugin/SamplingStrategyTest.php" line="171" assertions="1" time="0.002724"/>
          <testcase name="testSamplingRateBoundaries with data set &quot;full rate&quot;" class="Perfbase\WordPress\Tests\Unit\Plugin\SamplingStrategyTest" classname="Perfbase.WordPress.Tests.Unit.Plugin.SamplingStrategyTest" file="/Users/ben/Projects/Perfbase/Projects/lib-wordpress/tests/Unit/Plugin/SamplingStrategyTest.php" line="171" assertions="1" time="0.002749"/>
          <testcase name="testSamplingRateBoundaries with data set &quot;negative rate&quot;" class="Perfbase\WordPress\Tests\Unit\Plugin\SamplingStrategyTest" classname="Perfbase.WordPress.Tests.Unit.Plugin.SamplingStrategyTest" file="/Users/ben/Projects/Perfbase/Projects/lib-wordpress/tests/Unit/Plugin/SamplingStrategyTest.php" line="171" assertions="1" time="0.002698"/>
          <testcase name="testSamplingRateBoundaries with data set &quot;above full rate&quot;" class="Perfbase\WordPress\Tests\Unit\Plugin\SamplingStrategyTest" classname="Perfbase.WordPress.Tests.Unit.Plugin.SamplingStrategyTest" file="/Users/ben/Projects/Perfbase/Projects/lib-wordpress/tests/Unit/Plugin/SamplingStrategyTest.php" line="171" assertions="1" time="0.002774"/>
          <testcase name="testSamplingRateBoundaries with data set &quot;very small positive&quot;" class="Perfbase\WordPress\Tests\Unit\Plugin\SamplingStrategyTest" classname="Perfbase.WordPress.Tests.Unit.Plugin.SamplingStrategyTest" file="/Users/ben/Projects/Perfbase/Projects/lib-wordpress/tests/Unit/Plugin/SamplingStrategyTest.php" line="171" assertions="1" time="0.002754"/>
          <testcase name="testSamplingRateBoundaries with data set &quot;very close to full&quot;" class="Perfbase\WordPress\Tests\Unit\Plugin\SamplingStrategyTest" classname="Perfbase.WordPress.Tests.Unit.Plugin.SamplingStrategyTest" file="/Users/ben/Projects/Perfbase/Projects/lib-wordpress/tests/Unit/Plugin/SamplingStrategyTest.php" line="171" assertions="1" time="0.002670"/>
        </testsuite>
        <testcase name="testShouldSampleAlways" class="Perfbase\WordPress\Tests\Unit\Plugin\SamplingStrategyTest" classname="Perfbase.WordPress.Tests.Unit.Plugin.SamplingStrategyTest" file="/Users/ben/Projects/Perfbase/Projects/lib-wordpress/tests/Unit/Plugin/SamplingStrategyTest.php" line="23" assertions="1" time="0.002767"/>
        <testcase name="testShouldSampleNever" class="Perfbase\WordPress\Tests\Unit\Plugin\SamplingStrategyTest" classname="Perfbase.WordPress.Tests.Unit.Plugin.SamplingStrategyTest" file="/Users/ben/Projects/Perfbase/Projects/lib-wordpress/tests/Unit/Plugin/SamplingStrategyTest.php" line="29" assertions="1" time="0.002763"/>
        <testcase name="testShouldSampleAboveOne" class="Perfbase\WordPress\Tests\Unit\Plugin\SamplingStrategyTest" classname="Perfbase.WordPress.Tests.Unit.Plugin.SamplingStrategyTest" file="/Users/ben/Projects/Perfbase/Projects/lib-wordpress/tests/Unit/Plugin/SamplingStrategyTest.php" line="35" assertions="1" time="0.002715"/>
        <testcase name="testShouldSampleBelowZero" class="Perfbase\WordPress\Tests\Unit\Plugin\SamplingStrategyTest" classname="Perfbase.WordPress.Tests.Unit.Plugin.SamplingStrategyTest" file="/Users/ben/Projects/Perfbase/Projects/lib-wordpress/tests/Unit/Plugin/SamplingStrategyTest.php" line="41" assertions="1" time="0.002729"/>
        <testcase name="testGetSamplingDecisionBasic" class="Perfbase\WordPress\Tests\Unit\Plugin\SamplingStrategyTest" classname="Perfbase.WordPress.Tests.Unit.Plugin.SamplingStrategyTest" file="/Users/ben/Projects/Perfbase/Projects/lib-wordpress/tests/Unit/Plugin/SamplingStrategyTest.php" line="67" assertions="1" time="0.002799"/>
        <testcase name="testGetSamplingDecisionWithZeroRate" class="Perfbase\WordPress\Tests\Unit\Plugin\SamplingStrategyTest" classname="Perfbase.WordPress.Tests.Unit.Plugin.SamplingStrategyTest" file="/Users/ben/Projects/Perfbase/Projects/lib-wordpress/tests/Unit/Plugin/SamplingStrategyTest.php" line="77" assertions="1" time="0.002710"/>
        <testcase name="testGetSamplingDecisionWithContext" class="Perfbase\WordPress\Tests\Unit\Plugin\SamplingStrategyTest" classname="Perfbase.WordPress.Tests.Unit.Plugin.SamplingStrategyTest" file="/Users/ben/Projects/Perfbase/Projects/lib-wordpress/tests/Unit/Plugin/SamplingStrategyTest.php" line="87" assertions="1" time="0.002702"/>
        <testcase name="testGetAdaptiveSampleRate" class="Perfbase\WordPress\Tests\Unit\Plugin\SamplingStrategyTest" classname="Perfbase.WordPress.Tests.Unit.Plugin.SamplingStrategyTest" file="/Users/ben/Projects/Perfbase/Projects/lib-wordpress/tests/Unit/Plugin/SamplingStrategyTest.php" line="102" assertions="1" time="0.002680"/>
        <testcase name="testShouldForceSampleWithDebugParameter" class="Perfbase\WordPress\Tests\Unit\Plugin\SamplingStrategyTest" classname="Perfbase.WordPress.Tests.Unit.Plugin.SamplingStrategyTest" file="/Users/ben/Projects/Perfbase/Projects/lib-wordpress/tests/Unit/Plugin/SamplingStrategyTest.php" line="116" assertions="1" time="0.002711"/>
        <testcase name="testShouldForceSampleWithDebugParameterNonAdmin" class="Perfbase\WordPress\Tests\Unit\Plugin\SamplingStrategyTest" classname="Perfbase.WordPress.Tests.Unit.Plugin.SamplingStrategyTest" file="/Users/ben/Projects/Perfbase/Projects/lib-wordpress/tests/Unit/Plugin/SamplingStrategyTest.php" line="128" assertions="1" time="0.002721"/>
        <testcase name="testShouldForceSampleWithoutDebugParameter" class="Perfbase\WordPress\Tests\Unit\Plugin\SamplingStrategyTest" classname="Perfbase.WordPress.Tests.Unit.Plugin.SamplingStrategyTest" file="/Users/ben/Projects/Perfbase/Projects/lib-wordpress/tests/Unit/Plugin/SamplingStrategyTest.php" line="140" assertions="1" time="0.002711"/>
        <testcase name="testShouldForceSampleWithContext" class="Perfbase\WordPress\Tests\Unit\Plugin\SamplingStrategyTest" classname="Perfbase.WordPress.Tests.Unit.Plugin.SamplingStrategyTest" file="/Users/ben/Projects/Perfbase/Projects/lib-wordpress/tests/Unit/Plugin/SamplingStrategyTest.php" line="152" assertions="1" time="0.002695"/>
        <testcase name="testSamplingWithHighRate" class="Perfbase\WordPress\Tests\Unit\Plugin\SamplingStrategyTest" classname="Perfbase.WordPress.Tests.Unit.Plugin.SamplingStrategyTest" file="/Users/ben/Projects/Perfbase/Projects/lib-wordpress/tests/Unit/Plugin/SamplingStrategyTest.php" line="245" assertions="2" time="0.006791"/>
        <testcase name="testShouldSampleStatisticalDistribution" class="Perfbase\WordPress\Tests\Unit\Plugin\SamplingStrategyTest" classname="Perfbase.WordPress.Tests.Unit.Plugin.SamplingStrategyTest" file="/Users/ben/Projects/Perfbase/Projects/lib-wordpress/tests/Unit/Plugin/SamplingStrategyTest.php" line="47" assertions="2" time="0.003007"/>
        <testcase name="testShouldSampleConsistency" class="Perfbase\WordPress\Tests\Unit\Plugin\SamplingStrategyTest" classname="Perfbase.WordPress.Tests.Unit.Plugin.SamplingStrategyTest" file="/Users/ben/Projects/Perfbase/Projects/lib-wordpress/tests/Unit/Plugin/SamplingStrategyTest.php" line="198" assertions="4" time="0.004331"/>
        <testcase name="testSamplingWithVeryLowRate" class="Perfbase\WordPress\Tests\Unit\Plugin\SamplingStrategyTest" classname="Perfbase.WordPress.Tests.Unit.Plugin.SamplingStrategyTest" file="/Users/ben/Projects/Perfbase/Projects/lib-wordpress/tests/Unit/Plugin/SamplingStrategyTest.php" line="225" assertions="3" time="0.008875"/>
      </testsuite>
    </testsuite>
    <testsuite name="Integration" tests="10" assertions="15" errors="0" warnings="0" failures="0" skipped="0" time="0.289671">
      <testsuite name="Perfbase\WordPress\Tests\Integration\PluginIntegrationTest" file="/Users/ben/Projects/Perfbase/Projects/lib-wordpress/tests/Integration/PluginIntegrationTest.php" tests="10" assertions="15" errors="0" warnings="0" failures="0" skipped="0" time="0.289671">
        <testcase name="testCronJobProfiling" class="Perfbase\WordPress\Tests\Integration\PluginIntegrationTest" classname="Perfbase.WordPress.Tests.Integration.PluginIntegrationTest" file="/Users/ben/Projects/Perfbase/Projects/lib-wordpress/tests/Integration/PluginIntegrationTest.php" line="90" assertions="1" time="0.012320"/>
        <testcase name="testRequestExclusion" class="Perfbase\WordPress\Tests\Integration\PluginIntegrationTest" classname="Perfbase.WordPress.Tests.Integration.PluginIntegrationTest" file="/Users/ben/Projects/Perfbase/Projects/lib-wordpress/tests/Integration/PluginIntegrationTest.php" line="107" assertions="1" time="0.025403"/>
        <testcase name="testUserAgentExclusion" class="Perfbase\WordPress\Tests\Integration\PluginIntegrationTest" classname="Perfbase.WordPress.Tests.Integration.PluginIntegrationTest" file="/Users/ben/Projects/Perfbase/Projects/lib-wordpress/tests/Integration/PluginIntegrationTest.php" line="132" assertions="1" time="0.024440"/>
        <testcase name="testConfigurationUpdate" class="Perfbase\WordPress\Tests\Integration\PluginIntegrationTest" classname="Perfbase.WordPress.Tests.Integration.PluginIntegrationTest" file="/Users/ben/Projects/Perfbase/Projects/lib-wordpress/tests/Integration/PluginIntegrationTest.php" line="157" assertions="3" time="0.024765"/>
        <testcase name="testHookRegistration" class="Perfbase\WordPress\Tests\Integration\PluginIntegrationTest" classname="Perfbase.WordPress.Tests.Integration.PluginIntegrationTest" file="/Users/ben/Projects/Perfbase/Projects/lib-wordpress/tests/Integration/PluginIntegrationTest.php" line="203" assertions="4" time="0.024548"/>
        <testcase name="testFullRequestCycleWithProfiling" class="Perfbase\WordPress\Tests\Integration\PluginIntegrationTest" classname="Perfbase.WordPress.Tests.Integration.PluginIntegrationTest" file="/Users/ben/Projects/Perfbase/Projects/lib-wordpress/tests/Integration/PluginIntegrationTest.php" line="27" assertions="1" time="0.026690"/>
        <testcase name="testProfilingWithDisabledExtension" class="Perfbase\WordPress\Tests\Integration\PluginIntegrationTest" classname="Perfbase.WordPress.Tests.Integration.PluginIntegrationTest" file="/Users/ben/Projects/Perfbase/Projects/lib-wordpress/tests/Integration/PluginIntegrationTest.php" line="180" assertions="1" time="0.025231"/>
        <testcase name="testMemoryAndPerformanceTracking" class="Perfbase\WordPress\Tests\Integration\PluginIntegrationTest" classname="Perfbase.WordPress.Tests.Integration.PluginIntegrationTest" file="/Users/ben/Projects/Perfbase/Projects/lib-wordpress/tests/Integration/PluginIntegrationTest.php" line="232" assertions="1" time="0.027472"/>
        <testcase name="testSamplingBehavior" class="Perfbase\WordPress\Tests\Integration\PluginIntegrationTest" classname="Perfbase.WordPress.Tests.Integration.PluginIntegrationTest" file="/Users/ben/Projects/Perfbase/Projects/lib-wordpress/tests/Integration/PluginIntegrationTest.php" line="256" assertions="1" time="0.031538"/>
        <testcase name="testAjaxRequestProfiling" class="Perfbase\WordPress\Tests\Integration\PluginIntegrationTest" classname="Perfbase.WordPress.Tests.Integration.PluginIntegrationTest" file="/Users/ben/Projects/Perfbase/Projects/lib-wordpress/tests/Integration/PluginIntegrationTest.php" line="71" assertions="1" time="0.067265"/>
      </testsuite>
    </testsuite>
    <testsuite name="Functional" tests="6" assertions="6" errors="0" warnings="0" failures="0" skipped="0" time="1.056267">
      <testsuite name="Perfbase\WordPress\Tests\Functional\FullRequestCycleTest" file="/Users/ben/Projects/Perfbase/Projects/lib-wordpress/tests/Functional/FullRequestCycleTest.php" tests="6" assertions="6" errors="0" warnings="0" failures="0" skipped="0" time="1.056267">
        <testcase name="testAjaxRequestCycle" class="Perfbase\WordPress\Tests\Functional\FullRequestCycleTest" classname="Perfbase.WordPress.Tests.Functional.FullRequestCycleTest" file="/Users/ben/Projects/Perfbase/Projects/lib-wordpress/tests/Functional/FullRequestCycleTest.php" line="127" assertions="1" time="1.025341"/>
        <testcase name="testCronJobCycle" class="Perfbase\WordPress\Tests\Functional\FullRequestCycleTest" classname="Perfbase.WordPress.Tests.Functional.FullRequestCycleTest" file="/Users/ben/Projects/Perfbase/Projects/lib-wordpress/tests/Functional/FullRequestCycleTest.php" line="173" assertions="1" time="0.003838"/>
        <testcase name="testHighVolumeRequest" class="Perfbase\WordPress\Tests\Functional\FullRequestCycleTest" classname="Perfbase.WordPress.Tests.Functional.FullRequestCycleTest" file="/Users/ben/Projects/Perfbase/Projects/lib-wordpress/tests/Functional/FullRequestCycleTest.php" line="263" assertions="1" time="0.003473"/>
        <testcase name="testCompleteWordPressFrontendRequest" class="Perfbase\WordPress\Tests\Functional\FullRequestCycleTest" classname="Perfbase.WordPress.Tests.Functional.FullRequestCycleTest" file="/Users/ben/Projects/Perfbase/Projects/lib-wordpress/tests/Functional/FullRequestCycleTest.php" line="15" assertions="1" time="0.003432"/>
        <testcase name="testCompleteAdminRequest" class="Perfbase\WordPress\Tests\Functional\FullRequestCycleTest" classname="Perfbase.WordPress.Tests.Functional.FullRequestCycleTest" file="/Users/ben/Projects/Perfbase/Projects/lib-wordpress/tests/Functional/FullRequestCycleTest.php" line="78" assertions="1" time="0.004780"/>
        <testcase name="testRequestWithWooCommerce" class="Perfbase\WordPress\Tests\Functional\FullRequestCycleTest" classname="Perfbase.WordPress.Tests.Functional.FullRequestCycleTest" file="/Users/ben/Projects/Perfbase/Projects/lib-wordpress/tests/Functional/FullRequestCycleTest.php" line="216" assertions="1" time="0.015403"/>
      </testsuite>
    </testsuite>
  </testsuite>
</testsuites>
